<?xml version="1.0"?>
<!DOCTYPE coverage SYSTEM "http://cobertura.sourceforge.net/xml/coverage-04.dtd">

<coverage line-rate="1.0" branch-rate="1.0" lines-covered="5" lines-valid="5" branches-covered="0" branches-valid="0" complexity="1.0" version="2.1.1" timestamp="1539260613530">
	<sources>
		<source>/home/carloscesar/workspaceIntelliJ/bankbranch/target/generated-sources/annotations</source>
		<source>--source</source>
		<source>/home/carloscesar/workspaceIntelliJ/bankbranch/src/main/java</source>
	</sources>
	<packages>
		<package name="com.bankbranch.repository" line-rate="1.0" branch-rate="1.0" complexity="0.0">
			<classes>
				<class name="com.bankbranch.repository.AccountRepository" filename="com/bankbranch/repository/AccountRepository.java" line-rate="1.0" branch-rate="1.0" complexity="0.0">
					<methods>
					</methods>
					<lines>
					</lines>
				</class>
			</classes>
		</package>
		<package name="com.bankbranch.service" line-rate="1.0" branch-rate="1.0" complexity="1.0">
			<classes>
				<class name="com.bankbranch.service.AccountService" filename="com/bankbranch/service/AccountService.java" line-rate="1.0" branch-rate="1.0" complexity="1.0">
					<methods>
					</methods>
					<lines>
					</lines>
				</class>
			</classes>
		</package>
		<package name="com.bankbranch.service.impl" line-rate="1.0" branch-rate="1.0" complexity="1.0">
			<classes>
				<class name="com.bankbranch.service.impl.AccountServiceImpl" filename="com/bankbranch/service/impl/AccountServiceImpl.java" line-rate="1.0" branch-rate="1.0" complexity="1.0">
					<methods>
						<method name="&lt;init&gt;" signature="()V" line-rate="1.0" branch-rate="1.0" complexity="0">
							<lines>
								<line number="15" hits="2" branch="false"/>
							</lines>
						</method>
						<method name="registerAccount" signature="()Lcom/bankbranch/domain/Account;" line-rate="1.0" branch-rate="1.0" complexity="0">
							<lines>
								<line number="23" hits="2" branch="false"/>
								<line number="24" hits="2" branch="false"/>
								<line number="25" hits="2" branch="false"/>
							</lines>
						</method>
					</methods>
					<lines>
						<line number="15" hits="2" branch="false"/>
						<line number="23" hits="2" branch="false"/>
						<line number="24" hits="2" branch="false"/>
						<line number="25" hits="2" branch="false"/>
					</lines>
				</class>
				<class name="com.bankbranch.service.impl.OperationServiceImpl$1" filename="com/bankbranch/service/impl/OperationServiceImpl.java" line-rate="1.0" branch-rate="1.0" complexity="0.0">
					<methods>
						<method name="&lt;clinit&gt;" signature="()V" line-rate="1.0" branch-rate="1.0" complexity="0">
							<lines>
								<line number="45" hits="1" branch="false"/>
							</lines>
						</method>
					</methods>
					<lines>
						<line number="45" hits="1" branch="false"/>
					</lines>
				</class>
			</classes>
		</package>
	</packages>
</coverage>
